<?xml version="1.0" encoding="UTF-8"?>
<!-- Generated by org.testng.reporters.JUnitReportReporter -->
<testsuite skipped="0" hostname="DESKTOP-N86U6N8" name="com.makeMyTrip.qa.testcases.HomePageTest" tests="1" failures="0" timestamp="21 Apr 2019 03:00:58 GMT" time="24.961" errors="0">
  <testcase name="tripPlanerTest" time="24.961" classname="com.makeMyTrip.qa.testcases.HomePageTest"/>
</testsuite> <!-- com.makeMyTrip.qa.testcases.HomePageTest -->
